<?xml version="1.0" encoding="UTF-8"?>
<!-- Generated by org.testng.reporters.JUnitXMLReporter -->
<testsuite ignored="0" hostname="hp-PC" failures="2" tests="3" name="Test" time="93.832" errors="0" timestamp="2021-06-03T11:24:05 IST">
  <testcase classname="loginPage.LoginFunctionality" name="methodOne" time="24.523"/>
  <testcase classname="loginPage.LoginFunctionality" name="methodOne" time="32.141">
    <failure type="java.lang.IllegalArgumentException" message="Keys to send should be a not null CharSequence">
      <![CDATA[java.lang.IllegalArgumentException: Keys to send should be a not null CharSequence
at org.openqa.selenium.remote.RemoteWebElement.sendKeys(RemoteWebElement.java:97)
at loginPage.LoginFunctionality.methodOne(LoginFunctionality.java:17)
at java.base/java.util.ArrayList.forEach(ArrayList.java:1511)
... Removed 27 stack frames]]>
    </failure>
  </testcase> <!-- methodOne -->
  <testcase classname="loginPage.LoginFunctionality" name="methodOne" time="37.096">
    <failure type="java.lang.AssertionError" message="expected [true] but found [false]">
      <![CDATA[java.lang.AssertionError: expected [true] but found [false]
at loginPage.LoginFunctionality.methodOne(LoginFunctionality.java:23)
at java.base/java.util.ArrayList.forEach(ArrayList.java:1511)
... Removed 31 stack frames]]>
    </failure>
  </testcase> <!-- methodOne -->
</testsuite> <!-- Test -->
